#
# A fatal error has been detected by the Java Runtime Environment:
#
#  EXCEPTION_ACCESS_VIOLATION (0xc0000005) at pc=0x00007ffb0fd7e4c2, pid=13712, tid=13972
#
# JRE version: OpenJDK Runtime Environment Temurin-17.0.4.1+1 (17.0.4.1+1) (build 17.0.4.1+1)
# Java VM: OpenJDK 64-Bit Server VM Temurin-17.0.4.1+1 (17.0.4.1+1, mixed mode, tiered, compressed oops, compressed class ptrs, parallel gc, windows-amd64)
# Problematic frame:
# V  [jvm.dll+0x22e4c2]
#
# No core dump will be written. Minidumps are not enabled by default on client versions of Windows
#
# If you would like to submit a bug report, please visit:
#   https://github.com/adoptium/adoptium-support/issues
#

---------------  S U M M A R Y ------------

Command Line: --add-modules=ALL-SYSTEM --add-opens=java.base/java.util=ALL-UNNAMED --add-opens=java.base/java.lang=ALL-UNNAMED --add-opens=java.base/sun.nio.fs=ALL-UNNAMED -Declipse.application=org.eclipse.jdt.ls.core.id1 -Dosgi.bundles.defaultStartLevel=4 -Declipse.product=org.eclipse.jdt.ls.core.product -Djava.import.generatesMetadataFilesAtProjectRoot=false -Dfile.encoding=utf8 -DwatchParentProcess=false -XX:+UseParallelGC -XX:GCTimeRatio=4 -XX:AdaptiveSizePolicyWeight=90 -Dsun.zip.disableMemoryMapping=true -Xmx1G -Xms100m -Xlog:disable -javaagent:c:\Users\ST\.vscode\extensions\redhat.java-1.11.0-win32-x64\lombok\lombok-1.18.24.jar -XX:+HeapDumpOnOutOfMemoryError -XX:HeapDumpPath=c:\Users\ST\AppData\Roaming\Code\User\workspaceStorage\2c9b14aad5720e533c65a292f6ca20b8\redhat.java c:\Users\ST\.vscode\extensions\redhat.java-1.11.0-win32-x64\server\plugins\org.eclipse.equinox.launcher_1.6.400.v20210924-0641.jar -configuration c:\Users\ST\AppData\Roaming\Code\User\globalStorage\redhat.java\1.11.0\config_win -data c:\Users\ST\AppData\Roaming\Code\User\workspaceStorage\2c9b14aad5720e533c65a292f6ca20b8\redhat.java\jdt_ws

Host: 12th Gen Intel(R) Core(TM) i7-12700, 20 cores, 31G,  Windows 10 , 64 bit Build 19041 (10.0.19041.928)
Time: Tue Oct 11 10:33:36 2022 Hora de verano central (México) elapsed time: 4198.917384 seconds (0d 1h 9m 58s)

---------------  T H R E A D  ---------------

Current thread (0x000001c5e97b2b60):  VMThread "VM Thread" [stack: 0x0000009a08d00000,0x0000009a08e00000] [id=13972]

Stack: [0x0000009a08d00000,0x0000009a08e00000],  sp=0x0000009a08dfe230,  free space=1016k
Native frames: (J=compiled Java code, j=interpreted, Vv=VM code, C=native code)
V  [jvm.dll+0x22e4c2]
V  [jvm.dll+0x22f573]
V  [jvm.dll+0x64d328]
V  [jvm.dll+0x2029de]
V  [jvm.dll+0x6b10ba]
V  [jvm.dll+0x6b016d]
V  [jvm.dll+0x6b67f1]
V  [jvm.dll+0x682683]
V  [jvm.dll+0x6b7ec4]
V  [jvm.dll+0x83853b]
V  [jvm.dll+0x839274]
V  [jvm.dll+0x83978c]
V  [jvm.dll+0x839b64]
V  [jvm.dll+0x839c30]
V  [jvm.dll+0x7e240a]
V  [jvm.dll+0x6761a5]
C  [ucrtbase.dll+0x21bb2]
C  [KERNEL32.DLL+0x17034]
C  [ntdll.dll+0x52651]


siginfo: EXCEPTION_ACCESS_VIOLATION (0xc0000005), reading address 0xffffffffffffffff


Register to memory mapping:

RIP=0x00007ffb0fd7e4c2 jvm.dll
RAX=0x0000800000000000 is an unknown value
RBX=0x0000800000000000 is an unknown value
RCX=0x0 is NULL
RDX=0x0 is NULL
RSP=0x0000009a08dfe230 points into unknown readable memory: 0x0000000000000000 | 00 00 00 00 00 00 00 00
RBP=0x0000009a08dfe2d9 points into unknown readable memory: e2 df 08 9a 00 00 00
RSI=0x0 is NULL
RDI=0x0 is NULL
R8 =0x0000000000000048 is an unknown value
R9 =0x0000000000000001 is an unknown value
R10=0x00007ffb0fb50000 jvm.dll
R11=0x0000009a08dfe1c0 points into unknown readable memory: 0x000001c5f0a32a00 | 00 2a a3 f0 c5 01 00 00
R12=0x0 is NULL
R13=0x000001c5e9677c20 points into unknown readable memory: 0x0000b00a00000002 | 02 00 00 00 0a b0 00 00
R14=0x000001c5e0dc5110 is at entry_point+-880 in (nmethod*)0x000001c5e0dc5110
R15=0x000001c5e9675a00 points into unknown readable memory: 0x0500c6dd01b60719 | 19 07 b6 01 dd c6 00 05


Registers:
RAX=0x0000800000000000, RBX=0x0000800000000000, RCX=0x0000000000000000, RDX=0x0000000000000000
RSP=0x0000009a08dfe230, RBP=0x0000009a08dfe2d9, RSI=0x0000000000000000, RDI=0x0000000000000000
R8 =0x0000000000000048, R9 =0x0000000000000001, R10=0x00007ffb0fb50000, R11=0x0000009a08dfe1c0
R12=0x0000000000000000, R13=0x000001c5e9677c20, R14=0x000001c5e0dc5110, R15=0x000001c5e9675a00
RIP=0x00007ffb0fd7e4c2, EFLAGS=0x0000000000010206

Top of Stack: (sp=0x0000009a08dfe230)
0x0000009a08dfe230:   0000000000000000 0000009a08dfe2d9
0x0000009a08dfe240:   0000000000000000 0000000000000000
0x0000009a08dfe250:   000001c5e9675a60 000001c5e9675e38
0x0000009a08dfe260:   0000000000000000 000001c5e0dc5402
0x0000009a08dfe270:   000001c5e0dc5478 000001c5e0dc5110
0x0000009a08dfe280:   000001c5e0dc71da 00007ffb0fd6000a
0x0000009a08dfe290:   000001c5e0dc53fe 00007ffb0fd40000
0x0000009a08dfe2a0:   000001c5e0dc5480 000001c5e0dc5480
0x0000009a08dfe2b0:   000001c5e0dc7180 000001c5e0dc5480
0x0000009a08dfe2c0:   000001c5e0dc7180 000001c5e0dc72a8
0x0000009a08dfe2d0:   00007ffb104878d8 0000009a08dfe260
0x0000009a08dfe2e0:   000000090000000c 0000000000000000
0x0000009a08dfe2f0:   0000000900000000 0000000000000000
0x0000009a08dfe300:   000001c5e9675a50 000001c5e9677c20
0x0000009a08dfe310:   000001c5e9675a60 0000000000000000
0x0000009a08dfe320:   000001c5e9675e38 00000000000003d8 

Instructions: (pc=0x00007ffb0fd7e4c2)
0x00007ffb0fd7e3c2:   7d 07 48 8d 4d 87 e8 c3 87 49 00 45 32 ff 48 8d
0x00007ffb0fd7e3d2:   1d 01 95 70 00 b9 00 f0 00 00 0f 1f 40 00 48 8b
0x00007ffb0fd7e3e2:   45 8f 48 83 c0 02 48 89 45 8f 48 3b 45 97 0f 84
0x00007ffb0fd7e3f2:   51 03 00 00 66 89 7d bf 0f b7 00 66 23 c1 66 3b
0x00007ffb0fd7e402:   c1 75 09 48 8d 4d 87 e8 a2 81 49 00 48 8b 45 8f
0x00007ffb0fd7e412:   0f b7 10 48 8b 45 87 81 e2 ff 03 00 00 48 03 55
0x00007ffb0fd7e422:   a7 48 89 55 a7 48 85 c0 74 09 48 3b d0 0f 83 12
0x00007ffb0fd7e432:   03 00 00 48 8b 45 8f 0f b7 08 c1 e9 0c 83 e9 02
0x00007ffb0fd7e442:   0f 84 ba 01 00 00 83 e9 01 0f 84 75 01 00 00 83
0x00007ffb0fd7e452:   e9 01 0f 84 c5 00 00 00 83 e9 01 0f 84 b4 00 00
0x00007ffb0fd7e462:   00 83 f9 07 b9 00 f0 00 00 0f 85 6f ff ff ff 45
0x00007ffb0fd7e472:   84 ff 0f 84 66 ff ff ff 49 8b 06 49 8b ce 45 32
0x00007ffb0fd7e482:   ff ff 90 20 02 00 00 84 c0 0f 85 2e 01 00 00 48
0x00007ffb0fd7e492:   8d 45 87 c7 45 07 0c 00 00 00 48 8d 4d f7 48 89
0x00007ffb0fd7e4a2:   45 ff 48 89 5d f7 e8 a3 9a 49 00 48 8d 4d f7 e8
0x00007ffb0fd7e4b2:   da 88 49 00 48 8b d8 48 85 c0 0f 84 fd 00 00 00
0x00007ffb0fd7e4c2:   48 8b 10 48 8b c8 ff 52 10 84 c0 0f 84 ec 00 00
0x00007ffb0fd7e4d2:   00 48 8b 43 08 48 8b 48 08 48 8b 49 18 48 8b 89
0x00007ffb0fd7e4e2:   98 00 00 00 e8 35 64 fc ff 84 c0 0f 85 cc 00 00
0x00007ffb0fd7e4f2:   00 48 8d 4d f7 e8 74 88 49 00 48 89 38 83 7d 0f
0x00007ffb0fd7e502:   00 0f 84 b6 00 00 00 48 8d 4d f7 e8 de 84 49 00
0x00007ffb0fd7e512:   e9 b9 fe ff ff 41 b7 01 e9 b8 fe ff ff 49 8b 1e
0x00007ffb0fd7e522:   48 8d 4d 87 e8 15 8f 49 00 48 8b d0 49 8b ce ff
0x00007ffb0fd7e532:   93 08 02 00 00 48 8b c8 48 8b f0 48 8b 10 ff 12
0x00007ffb0fd7e542:   48 8b c8 e8 96 45 fd ff 48 8b f8 48 85 c0 74 69
0x00007ffb0fd7e552:   48 8b 10 48 8b c8 ff 52 58 33 db 84 c0 48 0f 45
0x00007ffb0fd7e562:   df 48 85 db 74 53 45 84 e4 75 2d 48 8b 03 48 8b
0x00007ffb0fd7e572:   cb ff 90 c0 00 00 00 84 c0 74 1d 48 8b 03 48 8b
0x00007ffb0fd7e582:   cb ff 90 20 02 00 00 84 c0 75 0d 48 8b 43 70 48
0x00007ffb0fd7e592:   8b 40 48 48 3b c3 74 21 49 8b 06 49 8b ce ff 90
0x00007ffb0fd7e5a2:   20 02 00 00 84 c0 48 8b ce 0f 94 c2 e8 4d f0 ff
0x00007ffb0fd7e5b2:   ff 84 c0 0f 84 88 01 00 00 0f b6 75 6f 33 ff e9 


Stack slot to memory mapping:
stack at sp + 0 slots: 0x0 is NULL
stack at sp + 1 slots: 0x0000009a08dfe2d9 points into unknown readable memory: e2 df 08 9a 00 00 00
stack at sp + 2 slots: 0x0 is NULL
stack at sp + 3 slots: 0x0 is NULL
stack at sp + 4 slots: 0x000001c5e9675a60 points into unknown readable memory: 0x000001c5e9675a80 | 80 5a 67 e9 c5 01 00 00
stack at sp + 5 slots: 0x000001c5e9675e38 points into unknown readable memory: 0x100c7addd89bf2c1 | c1 f2 9b d8 dd 7a 0c 10
stack at sp + 6 slots: 0x0 is NULL
stack at sp + 7 slots: 0x000001c5e0dc5402 is at entry_point+-126 in (nmethod*)0x000001c5e0dc5110

VM_Operation (0x0000009a088fdd30): ParallelGCFailedAllocation, mode: safepoint, requested by thread 0x000001c5eede7840


---------------  P R O C E S S  ---------------

Threads class SMR info:
_java_thread_list=0x000001c5f1090980, length=60, elements={
0x000001c5d5922ae0, 0x000001c5e97b8540, 0x000001c5e97bba30, 0x000001c5eb5593c0,
0x000001c5eb559e80, 0x000001c5eb55c750, 0x000001c5eb55f7c0, 0x000001c5eb560c90,
0x000001c5eb569ff0, 0x000001c5eb58c0f0, 0x000001c5eb655020, 0x000001c5ed8d90c0,
0x000001c5eec82ce0, 0x000001c5eecdf620, 0x000001c5eecd11f0, 0x000001c5eede6500,
0x000001c5eede7370, 0x000001c5eede51c0, 0x000001c5eede6ea0, 0x000001c5eede4820,
0x000001c5f3c3b910, 0x000001c5f3c3a5d0, 0x000001c5f3c36740, 0x000001c5f3c37a80,
0x000001c5eede6030, 0x000001c5eede69d0, 0x000001c5ed8927f0, 0x000001c5ed896680,
0x000001c5ed893b30, 0x000001c5ed891980, 0x000001c5ed892cc0, 0x000001c5ed893190,
0x000001c5847ca290, 0x000001c5847ca760, 0x000001c5847c8f50, 0x000001c5847cb5d0,
0x000001c5847c7270, 0x000001c5847cbf70, 0x000001c5847cc440, 0x000001c5847cc910,
0x000001c5847c8a80, 0x000001c5847c6da0, 0x000001c5847c85b0, 0x000001c5eede7840,
0x000001c5ee048320, 0x000001c5ed8961b0, 0x000001c5ed890fe0, 0x000001c5ee048cc0,
0x000001c5f3c34590, 0x000001c5ee046640, 0x000001c5ee049190, 0x000001c5847c6400,
0x000001c5847c80e0, 0x000001c5847c98f0, 0x000001c5847c5590, 0x000001c5847cac30,
0x000001c5847c5a60, 0x000001c5847c7740, 0x000001c5847c7c10, 0x000001c5f3c36270
}

Java Threads: ( => current thread )
  0x000001c5d5922ae0 JavaThread "main" [_thread_blocked, id=13788, stack(0x0000009a08b00000,0x0000009a08c00000)]
  0x000001c5e97b8540 JavaThread "Reference Handler" daemon [_thread_blocked, id=13904, stack(0x0000009a08e00000,0x0000009a08f00000)]
  0x000001c5e97bba30 JavaThread "Finalizer" daemon [_thread_blocked, id=13960, stack(0x0000009a08f00000,0x0000009a09000000)]
  0x000001c5eb5593c0 JavaThread "Signal Dispatcher" daemon [_thread_blocked, id=13816, stack(0x0000009a09000000,0x0000009a09100000)]
  0x000001c5eb559e80 JavaThread "Attach Listener" daemon [_thread_blocked, id=14112, stack(0x0000009a09100000,0x0000009a09200000)]
  0x000001c5eb55c750 JavaThread "Service Thread" daemon [_thread_blocked, id=14036, stack(0x0000009a09200000,0x0000009a09300000)]
  0x000001c5eb55f7c0 JavaThread "Monitor Deflation Thread" daemon [_thread_blocked, id=14108, stack(0x0000009a09300000,0x0000009a09400000)]
  0x000001c5eb560c90 JavaThread "C2 CompilerThread0" daemon [_thread_blocked, id=14104, stack(0x0000009a09400000,0x0000009a09500000)]
  0x000001c5eb569ff0 JavaThread "C1 CompilerThread0" daemon [_thread_blocked, id=14064, stack(0x0000009a09500000,0x0000009a09600000)]
  0x000001c5eb58c0f0 JavaThread "Sweeper thread" daemon [_thread_blocked, id=13892, stack(0x0000009a09600000,0x0000009a09700000)]
  0x000001c5eb655020 JavaThread "Common-Cleaner" daemon [_thread_blocked, id=13884, stack(0x0000009a09700000,0x0000009a09800000)]
  0x000001c5ed8d90c0 JavaThread "Notification Thread" daemon [_thread_blocked, id=13988, stack(0x0000009a09d00000,0x0000009a09e00000)]
  0x000001c5eec82ce0 JavaThread "Active Thread: Equinox Container: 1ac05d34-c24f-419f-a686-73b38a505394" [_thread_blocked, id=10552, stack(0x0000009a0a500000,0x0000009a0a600000)]
  0x000001c5eecdf620 JavaThread "Framework Event Dispatcher: Equinox Container: 1ac05d34-c24f-419f-a686-73b38a505394" daemon [_thread_blocked, id=5480, stack(0x0000009a09a00000,0x0000009a09b00000)]
  0x000001c5eecd11f0 JavaThread "Start Level: Equinox Container: 1ac05d34-c24f-419f-a686-73b38a505394" daemon [_thread_blocked, id=4536, stack(0x0000009a09b00000,0x0000009a09c00000)]
  0x000001c5eede6500 JavaThread "SCR Component Actor" daemon [_thread_blocked, id=14020, stack(0x0000009a09c00000,0x0000009a09d00000)]
  0x000001c5eede7370 JavaThread "Bundle File Closer" daemon [_thread_blocked, id=13948, stack(0x0000009a0aa00000,0x0000009a0ab00000)]
  0x000001c5eede51c0 JavaThread "Worker-JM" [_thread_blocked, id=680, stack(0x0000009a0ab00000,0x0000009a0ac00000)]
  0x000001c5eede6ea0 JavaThread "Java indexing" daemon [_thread_blocked, id=900, stack(0x0000009a0b800000,0x0000009a0b900000)]
  0x000001c5eede4820 JavaThread "pool-1-thread-1" [_thread_blocked, id=14096, stack(0x0000009a0b900000,0x0000009a0ba00000)]
  0x000001c5f3c3b910 JavaThread "ForkJoinPool.commonPool-worker-2" daemon [_thread_blocked, id=8480, stack(0x0000009a0b300000,0x0000009a0b400000)]
  0x000001c5f3c3a5d0 JavaThread "ForkJoinPool.commonPool-worker-9" daemon [_thread_blocked, id=2312, stack(0x0000009a08900000,0x0000009a08a00000)]
  0x000001c5f3c36740 JavaThread "ForkJoinPool.commonPool-worker-11" daemon [_thread_blocked, id=4628, stack(0x0000009a0a900000,0x0000009a0aa00000)]
  0x000001c5f3c37a80 JavaThread "ForkJoinPool.commonPool-worker-15" daemon [_thread_blocked, id=5012, stack(0x0000009a0bc00000,0x0000009a0bd00000)]
  0x000001c5eede6030 JavaThread "ForkJoinPool.commonPool-worker-18" daemon [_thread_blocked, id=9816, stack(0x0000009a0bf00000,0x0000009a0c000000)]
  0x000001c5eede69d0 JavaThread "ForkJoinPool.commonPool-worker-19" daemon [_thread_blocked, id=12000, stack(0x0000009a0c000000,0x0000009a0c100000)]
  0x000001c5ed8927f0 JavaThread "Java Debug Server" daemon [_thread_in_native, id=4968, stack(0x0000009a0c400000,0x0000009a0c500000)]
  0x000001c5ed896680 JavaThread "pool-20-thread-1" [_thread_in_native, id=2816, stack(0x0000009a0c800000,0x0000009a0c900000)]
  0x000001c5ed893b30 JavaThread "RxSchedulerPurge-1" daemon [_thread_blocked, id=2864, stack(0x0000009a0c900000,0x0000009a0ca00000)]
  0x000001c5ed891980 JavaThread "RxCachedWorkerPoolEvictor-1" daemon [_thread_blocked, id=4408, stack(0x0000009a0ca00000,0x0000009a0cb00000)]
  0x000001c5ed892cc0 JavaThread "RxNewThreadScheduler-1" daemon [_thread_blocked, id=12876, stack(0x0000009a0cd00000,0x0000009a0ce00000)]
  0x000001c5ed893190 JavaThread "process reaper" daemon [_thread_in_native, id=1848, stack(0x0000009a0cf00000,0x0000009a0cf20000)]
  0x000001c5847ca290 JavaThread "ForkJoinPool.commonPool-worker-23" daemon [_thread_blocked, id=13772, stack(0x0000009a0c100000,0x0000009a0c200000)]
  0x000001c5847ca760 JavaThread "ForkJoinPool.commonPool-worker-25" daemon [_thread_blocked, id=668, stack(0x0000009a09800000,0x0000009a09900000)]
  0x000001c5847c8f50 JavaThread "ForkJoinPool.commonPool-worker-26" daemon [_thread_blocked, id=8828, stack(0x0000009a09900000,0x0000009a09a00000)]
  0x000001c5847cb5d0 JavaThread "ForkJoinPool.commonPool-worker-27" daemon [_thread_blocked, id=2044, stack(0x0000009a0a700000,0x0000009a0a800000)]
  0x000001c5847c7270 JavaThread "ForkJoinPool.commonPool-worker-28" daemon [_thread_blocked, id=11560, stack(0x0000009a0ac00000,0x0000009a0ad00000)]
  0x000001c5847cbf70 JavaThread "ForkJoinPool.commonPool-worker-29" daemon [_thread_blocked, id=13432, stack(0x0000009a0b000000,0x0000009a0b100000)]
  0x000001c5847cc440 JavaThread "ForkJoinPool.commonPool-worker-30" daemon [_thread_blocked, id=12572, stack(0x0000009a0b200000,0x0000009a0b300000)]
  0x000001c5847cc910 JavaThread "ForkJoinPool.commonPool-worker-32" daemon [_thread_blocked, id=9340, stack(0x0000009a0b700000,0x0000009a0b800000)]
  0x000001c5847c8a80 JavaThread "ForkJoinPool.commonPool-worker-31" daemon [_thread_blocked, id=9232, stack(0x0000009a0ba00000,0x0000009a0bb00000)]
  0x000001c5847c6da0 JavaThread "ForkJoinPool.commonPool-worker-33" daemon [_thread_blocked, id=8252, stack(0x0000009a0bb00000,0x0000009a0bc00000)]
  0x000001c5847c85b0 JavaThread "ForkJoinPool.commonPool-worker-35" daemon [_thread_blocked, id=5888, stack(0x0000009a0be00000,0x0000009a0bf00000)]
  0x000001c5eede7840 JavaThread "ForkJoinPool.commonPool-worker-36" daemon [_thread_blocked, id=5952, stack(0x0000009a08800000,0x0000009a08900000)]
  0x000001c5ee048320 JavaThread "Worker-19" [_thread_blocked, id=11724, stack(0x0000009a0d920000,0x0000009a0da20000)]
  0x000001c5ed8961b0 JavaThread "ForkJoinPool.commonPool-worker-37" daemon [_thread_blocked, id=6432, stack(0x0000009a0b100000,0x0000009a0b200000)]
  0x000001c5ed890fe0 JavaThread "Worker-22" [_thread_blocked, id=6824, stack(0x0000009a0c700000,0x0000009a0c800000)]
  0x000001c5ee048cc0 JavaThread "Worker-23" [_thread_blocked, id=5508, stack(0x0000009a0c200000,0x0000009a0c300000)]
  0x000001c5f3c34590 JavaThread "Worker-24" [_thread_blocked, id=10880, stack(0x0000009a0cc00000,0x0000009a0cd00000)]
  0x000001c5ee046640 JavaThread "pool-274-thread-1" [_thread_blocked, id=10188, stack(0x0000009a0c500000,0x0000009a0c600000)]
  0x000001c5ee049190 JavaThread "pool-275-thread-1" [_thread_blocked, id=14200, stack(0x0000009a0cb00000,0x0000009a0cc00000)]
  0x000001c5847c6400 JavaThread "pool-276-thread-1" [_thread_blocked, id=6940, stack(0x0000009a0ce00000,0x0000009a0cf00000)]
  0x000001c5847c80e0 JavaThread "pool-277-thread-1" [_thread_blocked, id=7824, stack(0x0000009a0d020000,0x0000009a0d120000)]
  0x000001c5847c98f0 JavaThread "pool-278-thread-1" [_thread_blocked, id=6644, stack(0x0000009a0d120000,0x0000009a0d220000)]
  0x000001c5847c5590 JavaThread "pool-279-thread-1" [_thread_blocked, id=5128, stack(0x0000009a0d220000,0x0000009a0d320000)]
  0x000001c5847cac30 JavaThread "pool-280-thread-1" [_thread_blocked, id=10492, stack(0x0000009a08a00000,0x0000009a08b00000)]
  0x000001c5847c5a60 JavaThread "pool-281-thread-1" [_thread_blocked, id=2444, stack(0x0000009a0bd00000,0x0000009a0be00000)]
  0x000001c5847c7740 JavaThread "pool-282-thread-1" [_thread_blocked, id=3160, stack(0x0000009a0c300000,0x0000009a0c400000)]
  0x000001c5847c7c10 JavaThread "pool-283-thread-1" [_thread_blocked, id=11776, stack(0x0000009a0c600000,0x0000009a0c700000)]
  0x000001c5f3c36270 JavaThread "Keep-Alive-Timer" daemon [_thread_blocked, id=12412, stack(0x0000009a0cf20000,0x0000009a0d020000)]

Other Threads:
=>0x000001c5e97b2b60 VMThread "VM Thread" [stack: 0x0000009a08d00000,0x0000009a08e00000] [id=13972]
  0x000001c5ed8d9590 WatcherThread [stack: 0x0000009a09e00000,0x0000009a09f00000] [id=14048]
  0x000001c5d36ac1a0 GCTaskThread "GC Thread#0" [stack: 0x0000009a08c00000,0x0000009a08d00000] [id=14172]
  0x000001c5eda34010 GCTaskThread "GC Thread#1" [stack: 0x0000009a0a000000,0x0000009a0a100000] [id=13824]
  0x000001c5eda342c0 GCTaskThread "GC Thread#2" [stack: 0x0000009a0a100000,0x0000009a0a200000] [id=14080]
  0x000001c5eda34570 GCTaskThread "GC Thread#3" [stack: 0x0000009a0a200000,0x0000009a0a300000] [id=13964]
  0x000001c5ee032f00 GCTaskThread "GC Thread#4" [stack: 0x0000009a0a300000,0x0000009a0a400000] [id=13956]
  0x000001c5eed3a6f0 GCTaskThread "GC Thread#5" [stack: 0x0000009a0a400000,0x0000009a0a500000] [id=14332]
  0x000001c5eecb6600 GCTaskThread "GC Thread#6" [stack: 0x0000009a09f00000,0x0000009a0a000000] [id=14128]
  0x000001c5eecb68b0 GCTaskThread "GC Thread#7" [stack: 0x0000009a0a600000,0x0000009a0a700000] [id=13688]
  0x000001c5ed904500 GCTaskThread "GC Thread#8" [stack: 0x0000009a0a800000,0x0000009a0a900000] [id=676]
  0x000001c5ef4f6d70 GCTaskThread "GC Thread#9" [stack: 0x0000009a0ad00000,0x0000009a0ae00000] [id=12200]
  0x000001c5ef4f9210 GCTaskThread "GC Thread#10" [stack: 0x0000009a0ae00000,0x0000009a0af00000] [id=14252]
  0x000001c5ef382350 GCTaskThread "GC Thread#11" [stack: 0x0000009a0af00000,0x0000009a0b000000] [id=14008]
  0x000001c5ef3815e0 GCTaskThread "GC Thread#12" [stack: 0x0000009a0b400000,0x0000009a0b500000] [id=13836]
  0x000001c5ef382600 GCTaskThread "GC Thread#13" [stack: 0x0000009a0b500000,0x0000009a0b600000] [id=13916]
  0x000001c5ef381080 GCTaskThread "GC Thread#14" [stack: 0x0000009a0b600000,0x0000009a0b700000] [id=14028]

Threads with active compile tasks:

VM state: at safepoint (normal execution)

VM Mutex/Monitor currently owned by a thread:  ([mutex/lock_event])
[0x000001c5d591d210] Threads_lock - owner thread: 0x000001c5e97b2b60
[0x000001c5d591dcc0] Heap_lock - owner thread: 0x000001c5eede7840

Heap address: 0x00000000c0000000, size: 1024 MB, Compressed Oops mode: 32-bit

CDS archive(s) not mapped
Compressed class space mapped at: 0x0000000100000000-0x0000000140000000, reserved size: 1073741824
Narrow klass base: 0x0000000000000000, Narrow klass shift: 3, Narrow klass range: 0x140000000

GC Precious Log:
 CPUs: 20 total, 20 available
 Memory: 32509M
 Large Page Support: Disabled
 NUMA Support: Disabled
 Compressed Oops: Enabled (32-bit)
 Alignments: Space 512K, Generation 512K, Heap 2M
 Heap Min Capacity: 100M
 Heap Initial Capacity: 100M
 Heap Max Capacity: 1G
 Pre-touch: Disabled
 Parallel Workers: 15

Heap:
 PSYoungGen      total 6656K, used 1247K [0x00000000eab00000, 0x00000000eb880000, 0x0000000100000000)
  eden space 5120K, 0% used [0x00000000eab00000,0x00000000eab00000,0x00000000eb000000)
  from space 1536K, 81% used [0x00000000eb000000,0x00000000eb137c70,0x00000000eb180000)
  to   space 3584K, 0% used [0x00000000eb500000,0x00000000eb500000,0x00000000eb880000)
 ParOldGen       total 177664K, used 175836K [0x00000000c0000000, 0x00000000cad80000, 0x00000000eab00000)
  object space 177664K, 98% used [0x00000000c0000000,0x00000000cabb7378,0x00000000cad80000)
 Metaspace       used 93097K, committed 94336K, reserved 1138688K
  class space    used 9252K, committed 9856K, reserved 1048576K

Card table byte_map: [0x000001c5d5310000,0x000001c5d5520000] _byte_map_base: 0x000001c5d4d10000

Marking Bits: (ParMarkBitMap*) 0x00007ffb106d2cc0
 Begin Bits: [0x000001c5e75c0000, 0x000001c5e85c0000)
 End Bits:   [0x000001c5e85c0000, 0x000001c5e95c0000)

Polling page: 0x000001c5d5100000

Metaspace:

Usage:
  Non-class:     81.88 MB used.
      Class:      9.04 MB used.
       Both:     90.92 MB used.

Virtual space:
  Non-class space:       88.00 MB reserved,      82.50 MB ( 94%) committed,  11 nodes.
      Class space:        1.00 GB reserved,       9.62 MB ( <1%) committed,  1 nodes.
             Both:        1.09 GB reserved,      92.12 MB (  8%) committed. 

Chunk freelists:
   Non-Class:  1.30 MB
       Class:  2.36 MB
        Both:  3.65 MB

MaxMetaspaceSize: unlimited
CompressedClassSpaceSize: 1.00 GB
Initial GC threshold: 21.00 MB
Current GC threshold: 153.25 MB
CDS: off
MetaspaceReclaimPolicy: balanced
 - commit_granule_bytes: 65536.
 - commit_granule_words: 8192.
 - virtual_space_node_default_size: 1048576.
 - enlarge_chunks_in_place: 1.
 - new_chunks_are_fully_committed: 0.
 - uncommit_free_chunks: 1.
 - use_allocation_guard: 0.
 - handle_deallocations: 1.


Internal statistics:

num_allocs_failed_limit: 9.
num_arena_births: 1206.
num_arena_deaths: 388.
num_vsnodes_births: 12.
num_vsnodes_deaths: 0.
num_space_committed: 1474.
num_space_uncommitted: 0.
num_chunks_returned_to_freelist: 506.
num_chunks_taken_from_freelist: 5198.
num_chunk_merges: 175.
num_chunk_splits: 3106.
num_chunks_enlarged: 1812.
num_purges: 10.
num_inconsistent_stats: 0.

CodeHeap 'non-profiled nmethods': size=119168Kb used=24832Kb max_used=25195Kb free=94335Kb
 bounds [0x000001c5e0160000, 0x000001c5e1a30000, 0x000001c5e75c0000]
CodeHeap 'profiled nmethods': size=119104Kb used=37330Kb max_used=38170Kb free=81773Kb
 bounds [0x000001c5d8d10000, 0x000001c5db320000, 0x000001c5e0160000]
CodeHeap 'non-nmethods': size=7488Kb used=1453Kb max_used=3188Kb free=6034Kb
 bounds [0x000001c5d85c0000, 0x000001c5d88e0000, 0x000001c5d8d10000]
 total_blobs=19433 nmethods=18623 adapters=720
 compilation: enabled
              stopped_count=0, restarted_count=0
 full_count=0

Compilation events (20 events):
Event: 4198.117 Thread 0x000001c5eb569ff0 26175       3       org.eclipse.jdt.core.dom.ASTVisitor::endVisit (1 bytes)
Event: 4198.117 Thread 0x000001c5eb569ff0 nmethod 26175 0x000001c5da7c6f90 code [0x000001c5da7c7120, 0x000001c5da7c7238]
Event: 4198.139 Thread 0x000001c5eb560c90 26176       4       org.eclipse.jdt.internal.core.hierarchy.HierarchyResolver::subTypeOfType (117 bytes)
Event: 4198.164 Thread 0x000001c5eb560c90 nmethod 26176 0x000001c5e17ce710 code [0x000001c5e17ceac0, 0x000001c5e17d0d38]
Event: 4198.740 Thread 0x000001c5eb569ff0 26177       3       org.eclipse.jdt.internal.codeassist.impl.AssistParser::consumeRestoreDiet (26 bytes)
Event: 4198.740 Thread 0x000001c5eb569ff0 nmethod 26177 0x000001c5dacbaa10 code [0x000001c5dacbabe0, 0x000001c5dacbafa8]
Event: 4198.740 Thread 0x000001c5eb569ff0 26178       3       org.eclipse.jdt.internal.compiler.ast.TypeReference::resolveAnnotations (315 bytes)
Event: 4198.741 Thread 0x000001c5eb569ff0 nmethod 26178 0x000001c5da43f190 code [0x000001c5da43f4e0, 0x000001c5da440cd8]
Event: 4198.802 Thread 0x000001c5eb569ff0 26179       3       sun.nio.ch.NioSocketImpl::ensureOpen (35 bytes)
Event: 4198.803 Thread 0x000001c5eb569ff0 nmethod 26179 0x000001c5da1fd090 code [0x000001c5da1fd240, 0x000001c5da1fd518]
Event: 4198.808 Thread 0x000001c5eb560c90 26180       4       java.math.MutableBigInteger::divideOneWord (332 bytes)
Event: 4198.814 Thread 0x000001c5eb560c90 nmethod 26180 0x000001c5e12a0810 code [0x000001c5e12a09c0, 0x000001c5e12a1058]
Event: 4198.820 Thread 0x000001c5eb569ff0 26181       3       sun.security.ssl.SSLHandshake$HandshakeMessage::<init> (10 bytes)
Event: 4198.820 Thread 0x000001c5eb569ff0 nmethod 26181 0x000001c5da134490 code [0x000001c5da134620, 0x000001c5da134798]
Event: 4198.820 Thread 0x000001c5eb569ff0 26182       3       sun.security.util.BitArray::<init> (8 bytes)
Event: 4198.820 Thread 0x000001c5eb569ff0 nmethod 26182 0x000001c5da43ee10 code [0x000001c5da43efa0, 0x000001c5da43f0e8]
Event: 4198.820 Thread 0x000001c5eb569ff0 26183       3       java.math.BigInteger::subtract (126 bytes)
Event: 4198.820 Thread 0x000001c5eb569ff0 nmethod 26183 0x000001c5d9f36410 code [0x000001c5d9f36660, 0x000001c5d9f36d58]
Event: 4198.821 Thread 0x000001c5eb569ff0 26184   !   3       jdk.internal.reflect.GeneratedConstructorAccessor53::newInstance (49 bytes)
Event: 4198.821 Thread 0x000001c5eb569ff0 nmethod 26184 0x000001c5d9f63090 code [0x000001c5d9f632a0, 0x000001c5d9f63858]

GC Heap History (20 events):
Event: 4193.912 GC heap after
{Heap after GC invocations=8069 (full 177):
 PSYoungGen      total 9728K, used 570K [0x00000000eab00000, 0x00000000eb680000, 0x0000000100000000)
  eden space 8704K, 0% used [0x00000000eab00000,0x00000000eab00000,0x00000000eb380000)
  from space 1024K, 55% used [0x00000000eb580000,0x00000000eb60e900,0x00000000eb680000)
  to   space 1024K, 0% used [0x00000000eb480000,0x00000000eb480000,0x00000000eb580000)
 ParOldGen       total 177664K, used 155962K [0x00000000c0000000, 0x00000000cad80000, 0x00000000eab00000)
  object space 177664K, 87% used [0x00000000c0000000,0x00000000c984e988,0x00000000cad80000)
 Metaspace       used 93085K, committed 94272K, reserved 1138688K
  class space    used 9252K, committed 9856K, reserved 1048576K
}
Event: 4193.921 GC heap before
{Heap before GC invocations=8070 (full 177):
 PSYoungGen      total 9728K, used 9274K [0x00000000eab00000, 0x00000000eb680000, 0x0000000100000000)
  eden space 8704K, 100% used [0x00000000eab00000,0x00000000eb380000,0x00000000eb380000)
  from space 1024K, 55% used [0x00000000eb580000,0x00000000eb60e900,0x00000000eb680000)
  to   space 1024K, 0% used [0x00000000eb480000,0x00000000eb480000,0x00000000eb580000)
 ParOldGen       total 177664K, used 155962K [0x00000000c0000000, 0x00000000cad80000, 0x00000000eab00000)
  object space 177664K, 87% used [0x00000000c0000000,0x00000000c984e988,0x00000000cad80000)
 Metaspace       used 93091K, committed 94336K, reserved 1138688K
  class space    used 9252K, committed 9856K, reserved 1048576K
}
Event: 4193.922 GC heap after
{Heap after GC invocations=8070 (full 177):
 PSYoungGen      total 9728K, used 1022K [0x00000000eab00000, 0x00000000eb780000, 0x0000000100000000)
  eden space 8704K, 0% used [0x00000000eab00000,0x00000000eab00000,0x00000000eb380000)
  from space 1024K, 99% used [0x00000000eb480000,0x00000000eb57fb10,0x00000000eb580000)
  to   space 2048K, 0% used [0x00000000eb580000,0x00000000eb580000,0x00000000eb780000)
 ParOldGen       total 177664K, used 156634K [0x00000000c0000000, 0x00000000cad80000, 0x00000000eab00000)
  object space 177664K, 88% used [0x00000000c0000000,0x00000000c98f6988,0x00000000cad80000)
 Metaspace       used 93091K, committed 94336K, reserved 1138688K
  class space    used 9252K, committed 9856K, reserved 1048576K
}
Event: 4196.541 GC heap before
{Heap before GC invocations=8071 (full 177):
 PSYoungGen      total 9728K, used 9726K [0x00000000eab00000, 0x00000000eb780000, 0x0000000100000000)
  eden space 8704K, 100% used [0x00000000eab00000,0x00000000eb380000,0x00000000eb380000)
  from space 1024K, 99% used [0x00000000eb480000,0x00000000eb57fb10,0x00000000eb580000)
  to   space 2048K, 0% used [0x00000000eb580000,0x00000000eb580000,0x00000000eb780000)
 ParOldGen       total 177664K, used 156634K [0x00000000c0000000, 0x00000000cad80000, 0x00000000eab00000)
  object space 177664K, 88% used [0x00000000c0000000,0x00000000c98f6988,0x00000000cad80000)
 Metaspace       used 93095K, committed 94336K, reserved 1138688K
  class space    used 9252K, committed 9856K, reserved 1048576K
}
Event: 4196.542 GC heap after
{Heap after GC invocations=8071 (full 177):
 PSYoungGen      total 9728K, used 704K [0x00000000eab00000, 0x00000000eb680000, 0x0000000100000000)
  eden space 8704K, 0% used [0x00000000eab00000,0x00000000eab00000,0x00000000eb380000)
  from space 1024K, 68% used [0x00000000eb580000,0x00000000eb630000,0x00000000eb680000)
  to   space 1536K, 0% used [0x00000000eb380000,0x00000000eb380000,0x00000000eb500000)
 ParOldGen       total 177664K, used 157543K [0x00000000c0000000, 0x00000000cad80000, 0x00000000eab00000)
  object space 177664K, 88% used [0x00000000c0000000,0x00000000c99d9dd8,0x00000000cad80000)
 Metaspace       used 93095K, committed 94336K, reserved 1138688K
  class space    used 9252K, committed 9856K, reserved 1048576K
}
Event: 4196.855 GC heap before
{Heap before GC invocations=8072 (full 177):
 PSYoungGen      total 9728K, used 9408K [0x00000000eab00000, 0x00000000eb680000, 0x0000000100000000)
  eden space 8704K, 100% used [0x00000000eab00000,0x00000000eb380000,0x00000000eb380000)
  from space 1024K, 68% used [0x00000000eb580000,0x00000000eb630000,0x00000000eb680000)
  to   space 1536K, 0% used [0x00000000eb380000,0x00000000eb380000,0x00000000eb500000)
 ParOldGen       total 177664K, used 157543K [0x00000000c0000000, 0x00000000cad80000, 0x00000000eab00000)
  object space 177664K, 88% used [0x00000000c0000000,0x00000000c99d9dd8,0x00000000cad80000)
 Metaspace       used 93095K, committed 94336K, reserved 1138688K
  class space    used 9252K, committed 9856K, reserved 1048576K
}
Event: 4196.858 GC heap after
{Heap after GC invocations=8072 (full 177):
 PSYoungGen      total 10240K, used 1513K [0x00000000eab00000, 0x00000000ec080000, 0x0000000100000000)
  eden space 8704K, 0% used [0x00000000eab00000,0x00000000eab00000,0x00000000eb380000)
  from space 1536K, 98% used [0x00000000eb380000,0x00000000eb4fa690,0x00000000eb500000)
  to   space 6656K, 0% used [0x00000000eba00000,0x00000000eba00000,0x00000000ec080000)
 ParOldGen       total 177664K, used 161715K [0x00000000c0000000, 0x00000000cad80000, 0x00000000eab00000)
  object space 177664K, 91% used [0x00000000c0000000,0x00000000c9decff8,0x00000000cad80000)
 Metaspace       used 93095K, committed 94336K, reserved 1138688K
  class space    used 9252K, committed 9856K, reserved 1048576K
}
Event: 4196.936 GC heap before
{Heap before GC invocations=8073 (full 177):
 PSYoungGen      total 10240K, used 10217K [0x00000000eab00000, 0x00000000ec080000, 0x0000000100000000)
  eden space 8704K, 100% used [0x00000000eab00000,0x00000000eb380000,0x00000000eb380000)
  from space 1536K, 98% used [0x00000000eb380000,0x00000000eb4fa690,0x00000000eb500000)
  to   space 6656K, 0% used [0x00000000eba00000,0x00000000eba00000,0x00000000ec080000)
 ParOldGen       total 177664K, used 161715K [0x00000000c0000000, 0x00000000cad80000, 0x00000000eab00000)
  object space 177664K, 91% used [0x00000000c0000000,0x00000000c9decff8,0x00000000cad80000)
 Metaspace       used 93095K, committed 94336K, reserved 1138688K
  class space    used 9252K, committed 9856K, reserved 1048576K
}
Event: 4196.939 GC heap after
{Heap after GC invocations=8073 (full 177):
 PSYoungGen      total 12288K, used 3386K [0x00000000eab00000, 0x00000000ebd80000, 0x0000000100000000)
  eden space 8704K, 0% used [0x00000000eab00000,0x00000000eab00000,0x00000000eb380000)
  from space 3584K, 94% used [0x00000000eba00000,0x00000000ebd4e900,0x00000000ebd80000)
  to   space 4608K, 0% used [0x00000000eb480000,0x00000000eb480000,0x00000000eb900000)
 ParOldGen       total 177664K, used 163199K [0x00000000c0000000, 0x00000000cad80000, 0x00000000eab00000)
  object space 177664K, 91% used [0x00000000c0000000,0x00000000c9f5fd98,0x00000000cad80000)
 Metaspace       used 93095K, committed 94336K, reserved 1138688K
  class space    used 9252K, committed 9856K, reserved 1048576K
}
Event: 4196.999 GC heap before
{Heap before GC invocations=8074 (full 177):
 PSYoungGen      total 12288K, used 12090K [0x00000000eab00000, 0x00000000ebd80000, 0x0000000100000000)
  eden space 8704K, 100% used [0x00000000eab00000,0x00000000eb380000,0x00000000eb380000)
  from space 3584K, 94% used [0x00000000eba00000,0x00000000ebd4e900,0x00000000ebd80000)
  to   space 4608K, 0% used [0x00000000eb480000,0x00000000eb480000,0x00000000eb900000)
 ParOldGen       total 177664K, used 163199K [0x00000000c0000000, 0x00000000cad80000, 0x00000000eab00000)
  object space 177664K, 91% used [0x00000000c0000000,0x00000000c9f5fd98,0x00000000cad80000)
 Metaspace       used 93095K, committed 94336K, reserved 1138688K
  class space    used 9252K, committed 9856K, reserved 1048576K
}
Event: 4197.002 GC heap after
{Heap after GC invocations=8074 (full 177):
 PSYoungGen      total 9216K, used 298K [0x00000000eab00000, 0x00000000eba80000, 0x0000000100000000)
  eden space 8704K, 0% used [0x00000000eab00000,0x00000000eab00000,0x00000000eb380000)
  from space 512K, 58% used [0x00000000eb480000,0x00000000eb4ca910,0x00000000eb500000)
  to   space 2048K, 0% used [0x00000000eb880000,0x00000000eb880000,0x00000000eba80000)
 ParOldGen       total 177664K, used 166507K [0x00000000c0000000, 0x00000000cad80000, 0x00000000eab00000)
  object space 177664K, 93% used [0x00000000c0000000,0x00000000ca29af98,0x00000000cad80000)
 Metaspace       used 93095K, committed 94336K, reserved 1138688K
  class space    used 9252K, committed 9856K, reserved 1048576K
}
Event: 4197.013 GC heap before
{Heap before GC invocations=8075 (full 177):
 PSYoungGen      total 9216K, used 9002K [0x00000000eab00000, 0x00000000eba80000, 0x0000000100000000)
  eden space 8704K, 100% used [0x00000000eab00000,0x00000000eb380000,0x00000000eb380000)
  from space 512K, 58% used [0x00000000eb480000,0x00000000eb4ca910,0x00000000eb500000)
  to   space 2048K, 0% used [0x00000000eb880000,0x00000000eb880000,0x00000000eba80000)
 ParOldGen       total 177664K, used 166507K [0x00000000c0000000, 0x00000000cad80000, 0x00000000eab00000)
  object space 177664K, 93% used [0x00000000c0000000,0x00000000ca29af98,0x00000000cad80000)
 Metaspace       used 93095K, committed 94336K, reserved 1138688K
  class space    used 9252K, committed 9856K, reserved 1048576K
}
Event: 4197.014 GC heap after
{Heap after GC invocations=8075 (full 177):
 PSYoungGen      total 9728K, used 960K [0x00000000eab00000, 0x00000000eb980000, 0x0000000100000000)
  eden space 8704K, 0% used [0x00000000eab00000,0x00000000eab00000,0x00000000eb380000)
  from space 1024K, 93% used [0x00000000eb880000,0x00000000eb970000,0x00000000eb980000)
  to   space 1536K, 0% used [0x00000000eb680000,0x00000000eb680000,0x00000000eb800000)
 ParOldGen       total 177664K, used 166656K [0x00000000c0000000, 0x00000000cad80000, 0x00000000eab00000)
  object space 177664K, 93% used [0x00000000c0000000,0x00000000ca2c01b8,0x00000000cad80000)
 Metaspace       used 93095K, committed 94336K, reserved 1138688K
  class space    used 9252K, committed 9856K, reserved 1048576K
}
Event: 4198.124 GC heap before
{Heap before GC invocations=8076 (full 177):
 PSYoungGen      total 9728K, used 9664K [0x00000000eab00000, 0x00000000eb980000, 0x0000000100000000)
  eden space 8704K, 100% used [0x00000000eab00000,0x00000000eb380000,0x00000000eb380000)
  from space 1024K, 93% used [0x00000000eb880000,0x00000000eb970000,0x00000000eb980000)
  to   space 1536K, 0% used [0x00000000eb680000,0x00000000eb680000,0x00000000eb800000)
 ParOldGen       total 177664K, used 166656K [0x00000000c0000000, 0x00000000cad80000, 0x00000000eab00000)
  object space 177664K, 93% used [0x00000000c0000000,0x00000000ca2c01b8,0x00000000cad80000)
 Metaspace       used 93095K, committed 94336K, reserved 1138688K
  class space    used 9252K, committed 9856K, reserved 1048576K
}
Event: 4198.126 GC heap after
{Heap after GC invocations=8076 (full 177):
 PSYoungGen      total 10240K, used 1507K [0x00000000eab00000, 0x00000000ebb80000, 0x0000000100000000)
  eden space 8704K, 0% used [0x00000000eab00000,0x00000000eab00000,0x00000000eb380000)
  from space 1536K, 98% used [0x00000000eb680000,0x00000000eb7f8f90,0x00000000eb800000)
  to   space 3584K, 0% used [0x00000000eb800000,0x00000000eb800000,0x00000000ebb80000)
 ParOldGen       total 177664K, used 168700K [0x00000000c0000000, 0x00000000cad80000, 0x00000000eab00000)
  object space 177664K, 94% used [0x00000000c0000000,0x00000000ca4bf1c8,0x00000000cad80000)
 Metaspace       used 93095K, committed 94336K, reserved 1138688K
  class space    used 9252K, committed 9856K, reserved 1048576K
}
Event: 4198.143 GC heap before
{Heap before GC invocations=8077 (full 177):
 PSYoungGen      total 10240K, used 10211K [0x00000000eab00000, 0x00000000ebb80000, 0x0000000100000000)
  eden space 8704K, 100% used [0x00000000eab00000,0x00000000eb380000,0x00000000eb380000)
  from space 1536K, 98% used [0x00000000eb680000,0x00000000eb7f8f90,0x00000000eb800000)
  to   space 3584K, 0% used [0x00000000eb800000,0x00000000eb800000,0x00000000ebb80000)
 ParOldGen       total 177664K, used 168700K [0x00000000c0000000, 0x00000000cad80000, 0x00000000eab00000)
  object space 177664K, 94% used [0x00000000c0000000,0x00000000ca4bf1c8,0x00000000cad80000)
 Metaspace       used 93095K, committed 94336K, reserved 1138688K
  class space    used 9252K, committed 9856K, reserved 1048576K
}
Event: 4198.146 GC heap after
{Heap after GC invocations=8077 (full 177):
 PSYoungGen      total 8704K, used 3566K [0x00000000eab00000, 0x00000000ec380000, 0x0000000100000000)
  eden space 5120K, 0% used [0x00000000eab00000,0x00000000eab00000,0x00000000eb000000)
  from space 3584K, 99% used [0x00000000eb800000,0x00000000ebb7bb00,0x00000000ebb80000)
  to   space 8192K, 0% used [0x00000000eb000000,0x00000000eb000000,0x00000000eb800000)
 ParOldGen       total 177664K, used 172355K [0x00000000c0000000, 0x00000000cad80000, 0x00000000eab00000)
  object space 177664K, 97% used [0x00000000c0000000,0x00000000ca850f58,0x00000000cad80000)
 Metaspace       used 93095K, committed 94336K, reserved 1138688K
  class space    used 9252K, committed 9856K, reserved 1048576K
}
Event: 4198.872 GC heap before
{Heap before GC invocations=8078 (full 177):
 PSYoungGen      total 8704K, used 8686K [0x00000000eab00000, 0x00000000ec380000, 0x0000000100000000)
  eden space 5120K, 100% used [0x00000000eab00000,0x00000000eb000000,0x00000000eb000000)
  from space 3584K, 99% used [0x00000000eb800000,0x00000000ebb7bb00,0x00000000ebb80000)
  to   space 8192K, 0% used [0x00000000eb000000,0x00000000eb000000,0x00000000eb800000)
 ParOldGen       total 177664K, used 172355K [0x00000000c0000000, 0x00000000cad80000, 0x00000000eab00000)
  object space 177664K, 97% used [0x00000000c0000000,0x00000000ca850f58,0x00000000cad80000)
 Metaspace       used 93097K, committed 94336K, reserved 1138688K
  class space    used 9252K, committed 9856K, reserved 1048576K
}
Event: 4198.876 GC heap after
{Heap after GC invocations=8078 (full 177):
 PSYoungGen      total 6656K, used 1247K [0x00000000eab00000, 0x00000000eb880000, 0x0000000100000000)
  eden space 5120K, 0% used [0x00000000eab00000,0x00000000eab00000,0x00000000eb000000)
  from space 1536K, 81% used [0x00000000eb000000,0x00000000eb137c70,0x00000000eb180000)
  to   space 3584K, 0% used [0x00000000eb500000,0x00000000eb500000,0x00000000eb880000)
 ParOldGen       total 177664K, used 175836K [0x00000000c0000000, 0x00000000cad80000, 0x00000000eab00000)
  object space 177664K, 98% used [0x00000000c0000000,0x00000000cabb7378,0x00000000cad80000)
 Metaspace       used 93097K, committed 94336K, reserved 1138688K
  class space    used 9252K, committed 9856K, reserved 1048576K
}
Event: 4198.876 GC heap before
{Heap before GC invocations=8079 (full 178):
 PSYoungGen      total 6656K, used 1247K [0x00000000eab00000, 0x00000000eb880000, 0x0000000100000000)
  eden space 5120K, 0% used [0x00000000eab00000,0x00000000eab00000,0x00000000eb000000)
  from space 1536K, 81% used [0x00000000eb000000,0x00000000eb137c70,0x00000000eb180000)
  to   space 3584K, 0% used [0x00000000eb500000,0x00000000eb500000,0x00000000eb880000)
 ParOldGen       total 177664K, used 175836K [0x00000000c0000000, 0x00000000cad80000, 0x00000000eab00000)
  object space 177664K, 98% used [0x00000000c0000000,0x00000000cabb7378,0x00000000cad80000)
 Metaspace       used 93097K, committed 94336K, reserved 1138688K
  class space    used 9252K, committed 9856K, reserved 1048576K
}

Deoptimization events (20 events):
Event: 4188.910 Thread 0x000001c5eede7840 Uncommon trap: trap_request=0xffffffc6 fr.pc=0x000001c5e0ea8eb8 relative=0x0000000000006d98
Event: 4188.910 Thread 0x000001c5eede7840 Uncommon trap: reason=bimorphic_or_optimized_type_check action=maybe_recompile pc=0x000001c5e0ea8eb8 method=org.eclipse.jdt.internal.compiler.SourceElementNotifier.visitIfNeeded(Lorg/eclipse/jdt/internal/compiler/ast/AbstractMethodDeclaration;)V @ 82 c2
Event: 4188.910 Thread 0x000001c5eede7840 DEOPT PACKING pc=0x000001c5e0ea8eb8 sp=0x0000009a088fe1f0
Event: 4188.910 Thread 0x000001c5eede7840 DEOPT UNPACKING pc=0x000001c5d86120a3 sp=0x0000009a088fe190 mode 2
Event: 4196.849 Thread 0x000001c5eede7840 Uncommon trap: trap_request=0xffffffc6 fr.pc=0x000001c5e10beb6c relative=0x000000000000014c
Event: 4196.849 Thread 0x000001c5eede7840 Uncommon trap: reason=bimorphic_or_optimized_type_check action=maybe_recompile pc=0x000001c5e10beb6c method=org.eclipse.jdt.internal.corext.dom.HierarchicalASTVisitor.visit(Lorg/eclipse/jdt/core/dom/MethodInvocation;)Z @ 2 c2
Event: 4196.849 Thread 0x000001c5eede7840 DEOPT PACKING pc=0x000001c5e10beb6c sp=0x0000009a088fe730
Event: 4196.849 Thread 0x000001c5eede7840 DEOPT UNPACKING pc=0x000001c5d86120a3 sp=0x0000009a088fe6c8 mode 2
Event: 4196.863 Thread 0x000001c5eede7840 Uncommon trap: trap_request=0xffffffc6 fr.pc=0x000001c5e14aad04 relative=0x0000000000001324
Event: 4196.863 Thread 0x000001c5eede7840 Uncommon trap: reason=bimorphic_or_optimized_type_check action=maybe_recompile pc=0x000001c5e14aad04 method=org.eclipse.jdt.internal.core.hierarchy.HierarchyResolver.subTypeOfType(Lorg/eclipse/jdt/internal/compiler/lookup/ReferenceBinding;Lorg/eclipse/jdt
Event: 4196.863 Thread 0x000001c5eede7840 DEOPT PACKING pc=0x000001c5e14aad04 sp=0x0000009a088fdd10
Event: 4196.863 Thread 0x000001c5eede7840 DEOPT UNPACKING pc=0x000001c5d86120a3 sp=0x0000009a088fdcd0 mode 2
Event: 4196.863 Thread 0x000001c5eede7840 Uncommon trap: trap_request=0xffffffc6 fr.pc=0x000001c5e14aad04 relative=0x0000000000001324
Event: 4196.863 Thread 0x000001c5eede7840 Uncommon trap: reason=bimorphic_or_optimized_type_check action=maybe_recompile pc=0x000001c5e14aad04 method=org.eclipse.jdt.internal.core.hierarchy.HierarchyResolver.subTypeOfType(Lorg/eclipse/jdt/internal/compiler/lookup/ReferenceBinding;Lorg/eclipse/jdt
Event: 4196.863 Thread 0x000001c5eede7840 DEOPT PACKING pc=0x000001c5e14aad04 sp=0x0000009a088fdd10
Event: 4196.863 Thread 0x000001c5eede7840 DEOPT UNPACKING pc=0x000001c5d86120a3 sp=0x0000009a088fdcd0 mode 2
Event: 4198.138 Thread 0x000001c5eede7840 Uncommon trap: trap_request=0xffffffc6 fr.pc=0x000001c5e14aad04 relative=0x0000000000001324
Event: 4198.138 Thread 0x000001c5eede7840 Uncommon trap: reason=bimorphic_or_optimized_type_check action=maybe_recompile pc=0x000001c5e14aad04 method=org.eclipse.jdt.internal.core.hierarchy.HierarchyResolver.subTypeOfType(Lorg/eclipse/jdt/internal/compiler/lookup/ReferenceBinding;Lorg/eclipse/jdt
Event: 4198.138 Thread 0x000001c5eede7840 DEOPT PACKING pc=0x000001c5e14aad04 sp=0x0000009a088fdd10
Event: 4198.138 Thread 0x000001c5eede7840 DEOPT UNPACKING pc=0x000001c5d86120a3 sp=0x0000009a088fdcd0 mode 2

Classes unloaded (20 events):
Event: 3528.105 Thread 0x000001c5e97b2b60 Unloading class 0x0000000100960c00 'java/lang/invoke/LambdaForm$MH+0x0000000100960c00'
Event: 3528.105 Thread 0x000001c5e97b2b60 Unloading class 0x0000000100960800 'java/lang/invoke/LambdaForm$MH+0x0000000100960800'
Event: 3528.105 Thread 0x000001c5e97b2b60 Unloading class 0x0000000100959800 'java/lang/invoke/LambdaForm$MH+0x0000000100959800'
Event: 3528.105 Thread 0x000001c5e97b2b60 Unloading class 0x0000000100959400 'java/lang/invoke/LambdaForm$MH+0x0000000100959400'
Event: 3528.105 Thread 0x000001c5e97b2b60 Unloading class 0x0000000100959000 'java/lang/invoke/LambdaForm$MH+0x0000000100959000'
Event: 3528.105 Thread 0x000001c5e97b2b60 Unloading class 0x0000000100958c00 'java/lang/invoke/LambdaForm$MH+0x0000000100958c00'
Event: 3528.105 Thread 0x000001c5e97b2b60 Unloading class 0x0000000100958800 'java/lang/invoke/LambdaForm$MH+0x0000000100958800'
Event: 3528.105 Thread 0x000001c5e97b2b60 Unloading class 0x0000000100958400 'java/lang/invoke/LambdaForm$MH+0x0000000100958400'
Event: 3528.105 Thread 0x000001c5e97b2b60 Unloading class 0x000000010094a000 'java/lang/invoke/LambdaForm$MH+0x000000010094a000'
Event: 3528.105 Thread 0x000001c5e97b2b60 Unloading class 0x0000000100949c00 'java/lang/invoke/LambdaForm$MH+0x0000000100949c00'
Event: 3528.105 Thread 0x000001c5e97b2b60 Unloading class 0x0000000100949800 'java/lang/invoke/LambdaForm$MH+0x0000000100949800'
Event: 3528.105 Thread 0x000001c5e97b2b60 Unloading class 0x0000000100949400 'java/lang/invoke/LambdaForm$MH+0x0000000100949400'
Event: 3528.105 Thread 0x000001c5e97b2b60 Unloading class 0x0000000100949000 'java/lang/invoke/LambdaForm$MH+0x0000000100949000'
Event: 3528.105 Thread 0x000001c5e97b2b60 Unloading class 0x0000000100948c00 'java/lang/invoke/LambdaForm$MH+0x0000000100948c00'
Event: 3528.105 Thread 0x000001c5e97b2b60 Unloading class 0x0000000100948800 'java/lang/invoke/LambdaForm$MH+0x0000000100948800'
Event: 3528.105 Thread 0x000001c5e97b2b60 Unloading class 0x0000000100948400 'java/lang/invoke/LambdaForm$MH+0x0000000100948400'
Event: 3528.105 Thread 0x000001c5e97b2b60 Unloading class 0x0000000100916000 'java/lang/invoke/LambdaForm$MH+0x0000000100916000'
Event: 3528.105 Thread 0x000001c5e97b2b60 Unloading class 0x0000000100940400 'java/lang/invoke/LambdaForm$MH+0x0000000100940400'
Event: 3528.105 Thread 0x000001c5e97b2b60 Unloading class 0x0000000100940000 'java/lang/invoke/LambdaForm$MH+0x0000000100940000'
Event: 3745.834 Thread 0x000001c5e97b2b60 Unloading class 0x00000001008f1c00 'jdk/internal/reflect/GeneratedConstructorAccessor71'

Classes redefined (0 events):
No events

Internal exceptions (20 events):
Event: 4151.585 Thread 0x000001c5eede69d0 Exception <a 'java/lang/ArrayIndexOutOfBoundsException'{0x00000000eab424e8}> (0x00000000eab424e8) 
thrown [s\src\hotspot\share\runtime\sharedRuntime.cpp, line 628]
Event: 4152.598 Thread 0x000001c5eede69d0 Exception <a 'java/lang/ArrayIndexOutOfBoundsException'{0x00000000eade3970}> (0x00000000eade3970) 
thrown [s\src\hotspot\share\runtime\sharedRuntime.cpp, line 628]
Event: 4153.340 Thread 0x000001c5eede69d0 Exception <a 'java/lang/ArrayIndexOutOfBoundsException'{0x00000000eadcb2f8}> (0x00000000eadcb2f8) 
thrown [s\src\hotspot\share\runtime\sharedRuntime.cpp, line 628]
Event: 4153.988 Thread 0x000001c5eede69d0 Exception <a 'java/lang/ClassNotFoundException'{0x00000000eac17d20}: sun/util/logging/resources/spi/loggingProvider> (0x00000000eac17d20) 
thrown [s\src\hotspot\share\classfile\systemDictionary.cpp, line 256]
Event: 4155.226 Thread 0x000001c5eede69d0 Exception <a 'java/lang/ArrayIndexOutOfBoundsException'{0x00000000eada9e88}> (0x00000000eada9e88) 
thrown [s\src\hotspot\share\runtime\sharedRuntime.cpp, line 628]
Event: 4155.230 Thread 0x000001c5eede69d0 Exception <a 'java/lang/ArrayIndexOutOfBoundsException'{0x00000000eabaa908}> (0x00000000eabaa908) 
thrown [s\src\hotspot\share\runtime\sharedRuntime.cpp, line 628]
Event: 4155.230 Thread 0x000001c5eede69d0 Exception <a 'java/lang/ArrayIndexOutOfBoundsException'{0x00000000eabacbf0}> (0x00000000eabacbf0) 
thrown [s\src\hotspot\share\runtime\sharedRuntime.cpp, line 628]
Event: 4155.230 Thread 0x000001c5eede69d0 Exception <a 'java/lang/ArrayIndexOutOfBoundsException'{0x00000000eabad288}> (0x00000000eabad288) 
thrown [s\src\hotspot\share\runtime\sharedRuntime.cpp, line 628]
Event: 4158.068 Thread 0x000001c5eede69d0 Exception <a 'java/lang/ClassCastException'{0x00000000ead5a1f8}: class org.eclipse.jdt.internal.compiler.lookup.BinaryTypeBinding cannot be cast to class org.eclipse.jdt.internal.compiler.lookup.SourceTypeBinding (org.eclipse.jdt.internal.compiler.lookup.BinaryTypeBinding and org.eclipse.jdt.internal.compiler.lookup.SourceTypeBinding are in unnamed module of loader org.eclipse.osgi.internal.loader.EquinoxClassLoader @76610e16)> (0x00000000ead5a1f8) 
thrown [s\src\hotspot\share\interpreter\interpreterRuntim
Event: 4158.068 Thread 0x000001c5eede69d0 Exception <a 'java/lang/ClassCastException'{0x00000000ead5a660}: class org.eclipse.jdt.internal.compiler.lookup.BinaryTypeBinding cannot be cast to class org.eclipse.jdt.internal.compiler.lookup.SourceTypeBinding (org.eclipse.jdt.internal.compiler.lookup.BinaryTypeBinding and org.eclipse.jdt.internal.compiler.lookup.SourceTypeBinding are in unnamed module of loader org.eclipse.osgi.internal.loader.EquinoxClassLoader @76610e16)> (0x00000000ead5a660) 
thrown [s\src\hotspot\share\interpreter\interpreterRuntim
Event: 4158.068 Thread 0x000001c5eede69d0 Exception <a 'java/lang/ClassCastException'{0x00000000ead5aac8}: class org.eclipse.jdt.internal.compiler.lookup.BinaryTypeBinding cannot be cast to class org.eclipse.jdt.internal.compiler.lookup.SourceTypeBinding (org.eclipse.jdt.internal.compiler.lookup.BinaryTypeBinding and org.eclipse.jdt.internal.compiler.lookup.SourceTypeBinding are in unnamed module of loader org.eclipse.osgi.internal.loader.EquinoxClassLoader @76610e16)> (0x00000000ead5aac8) 
thrown [s\src\hotspot\share\interpreter\interpreterRuntim
Event: 4158.068 Thread 0x000001c5eede69d0 Exception <a 'java/lang/ClassCastException'{0x00000000ead5af30}: class org.eclipse.jdt.internal.compiler.lookup.BinaryTypeBinding cannot be cast to class org.eclipse.jdt.internal.compiler.lookup.SourceTypeBinding (org.eclipse.jdt.internal.compiler.lookup.BinaryTypeBinding and org.eclipse.jdt.internal.compiler.lookup.SourceTypeBinding are in unnamed module of loader org.eclipse.osgi.internal.loader.EquinoxClassLoader @76610e16)> (0x00000000ead5af30) 
thrown [s\src\hotspot\share\interpreter\interpreterRuntim
Event: 4158.068 Thread 0x000001c5eede69d0 Exception <a 'java/lang/ClassCastException'{0x00000000ead5b398}: class org.eclipse.jdt.internal.compiler.lookup.BinaryTypeBinding cannot be cast to class org.eclipse.jdt.internal.compiler.lookup.SourceTypeBinding (org.eclipse.jdt.internal.compiler.lookup.BinaryTypeBinding and org.eclipse.jdt.internal.compiler.lookup.SourceTypeBinding are in unnamed module of loader org.eclipse.osgi.internal.loader.EquinoxClassLoader @76610e16)> (0x00000000ead5b398) 
thrown [s\src\hotspot\share\interpreter\interpreterRuntim
Event: 4158.068 Thread 0x000001c5eede69d0 Exception <a 'java/lang/ClassCastException'{0x00000000ead5b800}: class org.eclipse.jdt.internal.compiler.lookup.BinaryTypeBinding cannot be cast to class org.eclipse.jdt.internal.compiler.lookup.SourceTypeBinding (org.eclipse.jdt.internal.compiler.lookup.BinaryTypeBinding and org.eclipse.jdt.internal.compiler.lookup.SourceTypeBinding are in unnamed module of loader org.eclipse.osgi.internal.loader.EquinoxClassLoader @76610e16)> (0x00000000ead5b800) 
thrown [s\src\hotspot\share\interpreter\interpreterRuntim
Event: 4158.068 Thread 0x000001c5eede69d0 Exception <a 'java/lang/ClassCastException'{0x00000000ead5bc68}: class org.eclipse.jdt.internal.compiler.lookup.BinaryTypeBinding cannot be cast to class org.eclipse.jdt.internal.compiler.lookup.SourceTypeBinding (org.eclipse.jdt.internal.compiler.lookup.BinaryTypeBinding and org.eclipse.jdt.internal.compiler.lookup.SourceTypeBinding are in unnamed module of loader org.eclipse.osgi.internal.loader.EquinoxClassLoader @76610e16)> (0x00000000ead5bc68) 
thrown [s\src\hotspot\share\interpreter\interpreterRuntim
Event: 4158.068 Thread 0x000001c5eede69d0 Exception <a 'java/lang/ClassCastException'{0x00000000ead5c0d0}: class org.eclipse.jdt.internal.compiler.lookup.BinaryTypeBinding cannot be cast to class org.eclipse.jdt.internal.compiler.lookup.SourceTypeBinding (org.eclipse.jdt.internal.compiler.lookup.BinaryTypeBinding and org.eclipse.jdt.internal.compiler.lookup.SourceTypeBinding are in unnamed module of loader org.eclipse.osgi.internal.loader.EquinoxClassLoader @76610e16)> (0x00000000ead5c0d0) 
thrown [s\src\hotspot\share\interpreter\interpreterRuntim
Event: 4158.068 Thread 0x000001c5eede69d0 Exception <a 'java/lang/ClassCastException'{0x00000000ead5c538}: class org.eclipse.jdt.internal.compiler.lookup.BinaryTypeBinding cannot be cast to class org.eclipse.jdt.internal.compiler.lookup.SourceTypeBinding (org.eclipse.jdt.internal.compiler.lookup.BinaryTypeBinding and org.eclipse.jdt.internal.compiler.lookup.SourceTypeBinding are in unnamed module of loader org.eclipse.osgi.internal.loader.EquinoxClassLoader @76610e16)> (0x00000000ead5c538) 
thrown [s\src\hotspot\share\interpreter\interpreterRuntim
Event: 4158.068 Thread 0x000001c5eede69d0 Exception <a 'java/lang/ClassCastException'{0x00000000ead5c9a0}: class org.eclipse.jdt.internal.compiler.lookup.BinaryTypeBinding cannot be cast to class org.eclipse.jdt.internal.compiler.lookup.SourceTypeBinding (org.eclipse.jdt.internal.compiler.lookup.BinaryTypeBinding and org.eclipse.jdt.internal.compiler.lookup.SourceTypeBinding are in unnamed module of loader org.eclipse.osgi.internal.loader.EquinoxClassLoader @76610e16)> (0x00000000ead5c9a0) 
thrown [s\src\hotspot\share\interpreter\interpreterRuntim
Event: 4158.068 Thread 0x000001c5eede69d0 Exception <a 'java/lang/ClassCastException'{0x00000000ead5ce08}: class org.eclipse.jdt.internal.compiler.lookup.BinaryTypeBinding cannot be cast to class org.eclipse.jdt.internal.compiler.lookup.SourceTypeBinding (org.eclipse.jdt.internal.compiler.lookup.BinaryTypeBinding and org.eclipse.jdt.internal.compiler.lookup.SourceTypeBinding are in unnamed module of loader org.eclipse.osgi.internal.loader.EquinoxClassLoader @76610e16)> (0x00000000ead5ce08) 
thrown [s\src\hotspot\share\interpreter\interpreterRuntim
Event: 4158.068 Thread 0x000001c5eede69d0 Exception <a 'java/lang/ClassCastException'{0x00000000ead5f1c8}: class org.eclipse.jdt.internal.compiler.lookup.BinaryTypeBinding cannot be cast to class org.eclipse.jdt.internal.compiler.lookup.SourceTypeBinding (org.eclipse.jdt.internal.compiler.lookup.BinaryTypeBinding and org.eclipse.jdt.internal.compiler.lookup.SourceTypeBinding are in unnamed module of loader org.eclipse.osgi.internal.loader.EquinoxClassLoader @76610e16)> (0x00000000ead5f1c8) 
thrown [s\src\hotspot\share\interpreter\interpreterRuntim

VM Operations (20 events):
Event: 4193.922 Executing VM operation: ParallelGCFailedAllocation done
Event: 4194.931 Executing VM operation: Cleanup
Event: 4194.931 Executing VM operation: Cleanup done
Event: 4195.944 Executing VM operation: Cleanup
Event: 4195.944 Executing VM operation: Cleanup done
Event: 4196.541 Executing VM operation: ParallelGCFailedAllocation
Event: 4196.542 Executing VM operation: ParallelGCFailedAllocation done
Event: 4196.855 Executing VM operation: ParallelGCFailedAllocation
Event: 4196.858 Executing VM operation: ParallelGCFailedAllocation done
Event: 4196.936 Executing VM operation: ParallelGCFailedAllocation
Event: 4196.939 Executing VM operation: ParallelGCFailedAllocation done
Event: 4196.999 Executing VM operation: ParallelGCFailedAllocation
Event: 4197.002 Executing VM operation: ParallelGCFailedAllocation done
Event: 4197.013 Executing VM operation: ParallelGCFailedAllocation
Event: 4197.014 Executing VM operation: ParallelGCFailedAllocation done
Event: 4198.123 Executing VM operation: ParallelGCFailedAllocation
Event: 4198.126 Executing VM operation: ParallelGCFailedAllocation done
Event: 4198.143 Executing VM operation: ParallelGCFailedAllocation
Event: 4198.146 Executing VM operation: ParallelGCFailedAllocation done
Event: 4198.872 Executing VM operation: ParallelGCFailedAllocation

Events (20 events):
Event: 4163.488 Thread 0x000001c5eb58c0f0 flushing nmethod 0x000001c5dade5010
Event: 4163.488 Thread 0x000001c5eb58c0f0 flushing nmethod 0x000001c5daf3aa90
Event: 4163.488 Thread 0x000001c5eb58c0f0 flushing nmethod 0x000001c5db0c0b10
Event: 4163.489 Thread 0x000001c5eb58c0f0 flushing nmethod 0x000001c5db18b210
Event: 4163.489 Thread 0x000001c5eb58c0f0 flushing nmethod 0x000001c5db2a5690
Event: 4166.318 Thread 0x000001c5846ad500 Thread exited: 0x000001c5846ad500
Event: 4167.241 Thread 0x000001c5846a9840 Thread exited: 0x000001c5846a9840
Event: 4168.466 Thread 0x000001c5846acff0 Thread exited: 0x000001c5846acff0
Event: 4181.951 Thread 0x000001c5ee04a9a0 Thread exited: 0x000001c5ee04a9a0
Event: 4181.982 Thread 0x000001c5ee047980 Thread exited: 0x000001c5ee047980
Event: 4182.156 Thread 0x000001c5ee044960 Thread exited: 0x000001c5ee044960
Event: 4182.187 Thread 0x000001c5ee044e30 Thread exited: 0x000001c5ee044e30
Event: 4185.448 Thread 0x000001c5ee046fe0 Thread exited: 0x000001c5ee046fe0
Event: 4188.981 Thread 0x000001c5847cac30 Thread added: 0x000001c5847cac30
Event: 4189.327 Thread 0x000001c5847c5a60 Thread added: 0x000001c5847c5a60
Event: 4189.583 Thread 0x000001c5847c7740 Thread added: 0x000001c5847c7740
Event: 4190.718 Thread 0x000001c5847c7c10 Thread added: 0x000001c5847c7c10
Event: 4198.821 Thread 0x000001c5f3c39290 Thread added: 0x000001c5f3c39290
Event: 4198.821 Thread 0x000001c5f3c39290 Thread exited: 0x000001c5f3c39290
Event: 4198.866 Thread 0x000001c5f3c36270 Thread added: 0x000001c5f3c36270


Dynamic libraries:
0x00007ff6bbba0000 - 0x00007ff6bbbae000 	c:\Users\ST\.vscode\extensions\redhat.java-1.11.0-win32-x64\jre\17.0.4.1-win32-x86_64\bin\java.exe
0x00007ffb75c50000 - 0x00007ffb75e45000 	C:\Windows\SYSTEM32\ntdll.dll
0x00007ffb73d50000 - 0x00007ffb73e0d000 	C:\Windows\System32\KERNEL32.DLL
0x00007ffb73640000 - 0x00007ffb73908000 	C:\Windows\System32\KERNELBASE.dll
0x00007ffb739a0000 - 0x00007ffb73aa0000 	C:\Windows\System32\ucrtbase.dll
0x00007ffb2d890000 - 0x00007ffb2d8a9000 	c:\Users\ST\.vscode\extensions\redhat.java-1.11.0-win32-x64\jre\17.0.4.1-win32-x86_64\bin\VCRUNTIME140.dll
0x00007ffb2d8b0000 - 0x00007ffb2d8c8000 	c:\Users\ST\.vscode\extensions\redhat.java-1.11.0-win32-x64\jre\17.0.4.1-win32-x86_64\bin\jli.dll
0x00007ffb73e10000 - 0x00007ffb73fb0000 	C:\Windows\System32\USER32.dll
0x00007ffb73970000 - 0x00007ffb73992000 	C:\Windows\System32\win32u.dll
0x00007ffb574f0000 - 0x00007ffb5778a000 	C:\Windows\WinSxS\amd64_microsoft.windows.common-controls_6595b64144ccf1df_6.0.19041.844_none_ca00b6081b84eb1d\COMCTL32.dll
0x00007ffb73fc0000 - 0x00007ffb73fea000 	C:\Windows\System32\GDI32.dll
0x00007ffb74de0000 - 0x00007ffb74e7e000 	C:\Windows\System32\msvcrt.dll
0x00007ffb73ba0000 - 0x00007ffb73cab000 	C:\Windows\System32\gdi32full.dll
0x00007ffb73390000 - 0x00007ffb7342d000 	C:\Windows\System32\msvcp_win.dll
0x00007ffb74c80000 - 0x00007ffb74cb0000 	C:\Windows\System32\IMM32.DLL
0x00007ffb41960000 - 0x00007ffb4196c000 	c:\Users\ST\.vscode\extensions\redhat.java-1.11.0-win32-x64\jre\17.0.4.1-win32-x86_64\bin\vcruntime140_1.dll
0x00007ffb12da0000 - 0x00007ffb12e31000 	c:\Users\ST\.vscode\extensions\redhat.java-1.11.0-win32-x64\jre\17.0.4.1-win32-x86_64\bin\msvcp140.dll
0x00007ffb0fb50000 - 0x00007ffb10796000 	c:\Users\ST\.vscode\extensions\redhat.java-1.11.0-win32-x64\jre\17.0.4.1-win32-x86_64\bin\server\jvm.dll
0x00007ffb75200000 - 0x00007ffb752ac000 	C:\Windows\System32\ADVAPI32.dll
0x00007ffb73cb0000 - 0x00007ffb73d4b000 	C:\Windows\System32\sechost.dll
0x00007ffb74aa0000 - 0x00007ffb74bcb000 	C:\Windows\System32\RPCRT4.dll
0x00007ffb74220000 - 0x00007ffb74228000 	C:\Windows\System32\PSAPI.DLL
0x00007ffb3cae0000 - 0x00007ffb3cae9000 	C:\Windows\SYSTEM32\WSOCK32.dll
0x00007ffb57980000 - 0x00007ffb579a7000 	C:\Windows\SYSTEM32\WINMM.dll
0x00007ffb750a0000 - 0x00007ffb7510b000 	C:\Windows\System32\WS2_32.dll
0x00007ffb64050000 - 0x00007ffb6405a000 	C:\Windows\SYSTEM32\VERSION.dll
0x00007ffb712f0000 - 0x00007ffb71302000 	C:\Windows\SYSTEM32\kernel.appcore.dll
0x00007ffb3c9c0000 - 0x00007ffb3c9ca000 	c:\Users\ST\.vscode\extensions\redhat.java-1.11.0-win32-x64\jre\17.0.4.1-win32-x86_64\bin\jimage.dll
0x00007ffb60f90000 - 0x00007ffb61174000 	C:\Windows\SYSTEM32\DBGHELP.DLL
0x00007ffb60e60000 - 0x00007ffb60e8c000 	C:\Windows\SYSTEM32\dbgcore.DLL
0x00007ffb73aa0000 - 0x00007ffb73b20000 	C:\Windows\System32\bcryptPrimitives.dll
0x00007ffb1d580000 - 0x00007ffb1d58e000 	c:\Users\ST\.vscode\extensions\redhat.java-1.11.0-win32-x64\jre\17.0.4.1-win32-x86_64\bin\instrument.dll
0x00007ffb0ee10000 - 0x00007ffb0ee35000 	c:\Users\ST\.vscode\extensions\redhat.java-1.11.0-win32-x64\jre\17.0.4.1-win32-x86_64\bin\java.dll
0x00007ffb0edf0000 - 0x00007ffb0ee08000 	c:\Users\ST\.vscode\extensions\redhat.java-1.11.0-win32-x64\jre\17.0.4.1-win32-x86_64\bin\zip.dll
0x00007ffb74230000 - 0x00007ffb74972000 	C:\Windows\System32\SHELL32.dll
0x00007ffb714f0000 - 0x00007ffb71c81000 	C:\Windows\SYSTEM32\windows.storage.dll
0x00007ffb752b0000 - 0x00007ffb75605000 	C:\Windows\System32\combase.dll
0x00007ffb72d30000 - 0x00007ffb72d5c000 	C:\Windows\SYSTEM32\Wldp.dll
0x00007ffb74e80000 - 0x00007ffb74f2e000 	C:\Windows\System32\SHCORE.dll
0x00007ffb75030000 - 0x00007ffb75085000 	C:\Windows\System32\shlwapi.dll
0x00007ffb732d0000 - 0x00007ffb732ef000 	C:\Windows\SYSTEM32\profapi.dll
0x00007ffb0edd0000 - 0x00007ffb0ede9000 	C:\Users\ST\.vscode\extensions\redhat.java-1.11.0-win32-x64\jre\17.0.4.1-win32-x86_64\bin\net.dll
0x00007ffb6cad0000 - 0x00007ffb6cbdb000 	C:\Windows\SYSTEM32\WINHTTP.dll
0x00007ffb72aa0000 - 0x00007ffb72b0a000 	C:\Windows\system32\mswsock.dll
0x00007ffb0edb0000 - 0x00007ffb0edc5000 	C:\Users\ST\.vscode\extensions\redhat.java-1.11.0-win32-x64\jre\17.0.4.1-win32-x86_64\bin\nio.dll
0x00007ffb1d570000 - 0x00007ffb1d580000 	c:\Users\ST\.vscode\extensions\redhat.java-1.11.0-win32-x64\jre\17.0.4.1-win32-x86_64\bin\verify.dll
0x00007ffb0ec70000 - 0x00007ffb0ecae000 	C:\Users\ST\AppData\Roaming\Code\User\globalStorage\redhat.java\1.11.0\config_win\org.eclipse.equinox.launcher\org.eclipse.equinox.launcher.win32.win32.x86_64_1.2.600.v20220720-1916\eclipse_11700.dll
0x00007ffb75670000 - 0x00007ffb7579a000 	C:\Windows\System32\ole32.dll
0x00007ffb72c70000 - 0x00007ffb72c88000 	C:\Windows\SYSTEM32\CRYPTSP.dll
0x00007ffb72440000 - 0x00007ffb72474000 	C:\Windows\system32\rsaenh.dll
0x00007ffb73b20000 - 0x00007ffb73b47000 	C:\Windows\System32\bcrypt.dll
0x00007ffb73290000 - 0x00007ffb732be000 	C:\Windows\SYSTEM32\USERENV.dll
0x00007ffb72c90000 - 0x00007ffb72c9c000 	C:\Windows\SYSTEM32\CRYPTBASE.dll
0x00007ffb72790000 - 0x00007ffb727cb000 	C:\Windows\SYSTEM32\IPHLPAPI.DLL
0x00007ffb75090000 - 0x00007ffb75098000 	C:\Windows\System32\NSI.dll
0x00007ffb6d7d0000 - 0x00007ffb6d7e7000 	C:\Windows\SYSTEM32\dhcpcsvc6.DLL
0x00007ffb6dad0000 - 0x00007ffb6daed000 	C:\Windows\SYSTEM32\dhcpcsvc.DLL
0x00007ffb727d0000 - 0x00007ffb7289c000 	C:\Windows\SYSTEM32\DNSAPI.dll
0x00007ffb0ebd0000 - 0x00007ffb0ec14000 	C:\Users\ST\AppData\Local\Temp\jna-2657\jna9573506734578179472.dll
0x00007ffb45280000 - 0x00007ffb4528e000 	C:\Users\ST\.vscode\extensions\redhat.java-1.11.0-win32-x64\jre\17.0.4.1-win32-x86_64\bin\sunmscapi.dll
0x00007ffb73430000 - 0x00007ffb7358f000 	C:\Windows\System32\CRYPT32.dll
0x00007ffb72da0000 - 0x00007ffb72dc7000 	C:\Windows\SYSTEM32\ncrypt.dll
0x00007ffb72d60000 - 0x00007ffb72d9b000 	C:\Windows\SYSTEM32\NTASN1.dll
0x00007ffb6c960000 - 0x00007ffb6c96a000 	C:\Windows\System32\rasadhlp.dll
0x00007ffb6c6c0000 - 0x00007ffb6c73f000 	C:\Windows\System32\fwpuclnt.dll
0x00007ffb50130000 - 0x00007ffb50137000 	C:\Windows\system32\wshunix.dll

dbghelp: loaded successfully - version: 4.0.5 - missing functions: none
symbol engine: initialized successfully - sym options: 0x614 - pdb path: .;c:\Users\ST\.vscode\extensions\redhat.java-1.11.0-win32-x64\jre\17.0.4.1-win32-x86_64\bin;C:\Windows\SYSTEM32;C:\Windows\WinSxS\amd64_microsoft.windows.common-controls_6595b64144ccf1df_6.0.19041.844_none_ca00b6081b84eb1d;c:\Users\ST\.vscode\extensions\redhat.java-1.11.0-win32-x64\jre\17.0.4.1-win32-x86_64\bin\server;C:\Users\ST\AppData\Roaming\Code\User\globalStorage\redhat.java\1.11.0\config_win\org.eclipse.equinox.launcher\org.eclipse.equinox.launcher.win32.win32.x86_64_1.2.600.v20220720-1916;C:\Users\ST\AppData\Local\Temp\jna-2657

VM Arguments:
jvm_args: --add-modules=ALL-SYSTEM --add-opens=java.base/java.util=ALL-UNNAMED --add-opens=java.base/java.lang=ALL-UNNAMED --add-opens=java.base/sun.nio.fs=ALL-UNNAMED -Declipse.application=org.eclipse.jdt.ls.core.id1 -Dosgi.bundles.defaultStartLevel=4 -Declipse.product=org.eclipse.jdt.ls.core.product -Djava.import.generatesMetadataFilesAtProjectRoot=false -Dfile.encoding=utf8 -DwatchParentProcess=false -XX:+UseParallelGC -XX:GCTimeRatio=4 -XX:AdaptiveSizePolicyWeight=90 -Dsun.zip.disableMemoryMapping=true -Xmx1G -Xms100m -Xlog:disable -javaagent:c:\Users\ST\.vscode\extensions\redhat.java-1.11.0-win32-x64\lombok\lombok-1.18.24.jar -XX:+HeapDumpOnOutOfMemoryError -XX:HeapDumpPath=c:\Users\ST\AppData\Roaming\Code\User\workspaceStorage\2c9b14aad5720e533c65a292f6ca20b8\redhat.java 
java_command: c:\Users\ST\.vscode\extensions\redhat.java-1.11.0-win32-x64\server\plugins\org.eclipse.equinox.launcher_1.6.400.v20210924-0641.jar -configuration c:\Users\ST\AppData\Roaming\Code\User\globalStorage\redhat.java\1.11.0\config_win -data c:\Users\ST\AppData\Roaming\Code\User\workspaceStorage\2c9b14aad5720e533c65a292f6ca20b8\redhat.java\jdt_ws
java_class_path (initial): c:\Users\ST\.vscode\extensions\redhat.java-1.11.0-win32-x64\server\plugins\org.eclipse.equinox.launcher_1.6.400.v20210924-0641.jar
Launcher Type: SUN_STANDARD

[Global flags]
    uintx AdaptiveSizePolicyWeight                 = 90                                        {product} {command line}
     intx CICompilerCount                          = 12                                        {product} {ergonomic}
    uintx GCTimeRatio                              = 4                                         {product} {command line}
     bool HeapDumpOnOutOfMemoryError               = true                                   {manageable} {command line}
    ccstr HeapDumpPath                             = c:\Users\ST\AppData\Roaming\Code\User\workspaceStorage\2c9b14aad5720e533c65a292f6ca20b8\redhat.java         {manageable} {command line}
   size_t InitialHeapSize                          = 104857600                                 {product} {command line}
   size_t MaxHeapSize                              = 1073741824                                {product} {command line}
   size_t MaxNewSize                               = 357564416                                 {product} {ergonomic}
   size_t MinHeapDeltaBytes                        = 524288                                    {product} {ergonomic}
   size_t MinHeapSize                              = 104857600                                 {product} {command line}
   size_t NewSize                                  = 34603008                                  {product} {ergonomic}
    uintx NonNMethodCodeHeapSize                   = 7602480                                {pd product} {ergonomic}
    uintx NonProfiledCodeHeapSize                  = 122027880                              {pd product} {ergonomic}
   size_t OldSize                                  = 70254592                                  {product} {ergonomic}
    uintx ProfiledCodeHeapSize                     = 122027880                              {pd product} {ergonomic}
    uintx ReservedCodeCacheSize                    = 251658240                              {pd product} {ergonomic}
     bool SegmentedCodeCache                       = true                                      {product} {ergonomic}
   size_t SoftMaxHeapSize                          = 1073741824                             {manageable} {ergonomic}
     bool UseCompressedClassPointers               = true                           {product lp64_product} {ergonomic}
     bool UseCompressedOops                        = true                           {product lp64_product} {ergonomic}
     bool UseLargePagesIndividualAllocation        = false                                  {pd product} {ergonomic}
     bool UseParallelGC                            = true                                      {product} {command line}

Logging:
Log output configuration:
 #0: stdout all=off uptime,level,tags
 #1: stderr all=off uptime,level,tags

Environment Variables:
JAVA_HOME=C:\Program Files\Eclipse Adoptium\jdk-17.0.4.101-hotspot
PATH=C:\Program Files\Eclipse Adoptium\jdk-17.0.4.101-hotspot\bin;C:\Python310\Scripts\;C:\Python310\;C:\Windows\system32;C:\Windows;C:\Windows\System32\Wbem;C:\Windows\System32\WindowsPowerShell\v1.0\;C:\Windows\System32\OpenSSH\;C:\ProgramData\chocolatey\bin;C:\Program Files\Git\cmd;C:\Users\ST\AppData\Local\Android\Sdk\platform-tools;C:\Program Files\nodejs\;C:\Users\ST\AppData\Local\Microsoft\WindowsApps;C:\Users\ST\AppData\Roaming\npm;C:\Users\ST\AppData\Local\Programs\Microsoft VS Code\bin
USERNAME=ST
OS=Windows_NT
PROCESSOR_IDENTIFIER=Intel64 Family 6 Model 151 Stepping 2, GenuineIntel
TMP=C:\Users\ST\AppData\Local\Temp
TEMP=C:\Users\ST\AppData\Local\Temp



---------------  S Y S T E M  ---------------

OS:
 Windows 10 , 64 bit Build 19041 (10.0.19041.928)
OS uptime: 0 days 1:11 hours

CPU: total 20 (initial active 20) (10 cores per cpu, 2 threads per core) family 6 model 151 stepping 2 microcode 0xf, cx8, cmov, fxsr, ht, mmx, 3dnowpref, sse, sse2, sse3, ssse3, sse4.1, sse4.2, popcnt, lzcnt, tsc, tscinvbit, avx, avx2, aes, erms, clmul, bmi1, bmi2, adx, sha, fma, vzeroupper, clflush, clflushopt, clwb

Memory: 4k page, system-wide physical 32509M (25087M free)
TotalPageFile size 37629M (AvailPageFile size 30114M)
current process WorkingSet (physical memory assigned to process): 527M, peak: 553M
current process commit charge ("private bytes"): 555M, peak: 599M

vm_info: OpenJDK 64-Bit Server VM (17.0.4.1+1) for windows-amd64 JRE (17.0.4.1+1), built on Aug 17 2022 07:42:43 by "temurin" with MS VC++ 16.7 (VS2019)

END.
